<?xml version="1.0" encoding="UTF-8"?>
<!-- Generated by org.testng.reporters.JUnitXMLReporter -->
<testsuite hostname="Ashok-PC" name="Test" tests="1" failures="1" timestamp="10 Oct 2016 12:27:57 GMT" time="10.919" errors="0">
  <testcase name="enterText" time="1.199" classname="com.pack.MavenJunkinsTestCase">
    <failure type="java.lang.AssertionError" message="expected [true] but found [false]">
      <![CDATA[java.lang.AssertionError: expected [true] but found [false]
	at com.pack.MavenJunkinsTestCase.enterText(MavenJunkinsTestCase.java:27)
... Removed 28 stack frames]]>
    </failure>
  </testcase> <!-- enterText -->
</testsuite> <!-- Test -->
