<?xml version="1.0" encoding="UTF-8"?>
<testng-results skipped="0" failed="0" total="1" passed="1">
  <reporter-output>
  </reporter-output>
  <suite name="Suite" duration-ms="12116" started-at="2016-10-10T13:40:50Z" finished-at="2016-10-10T13:41:02Z">
    <groups>
    </groups>
    <test name="Test" duration-ms="12116" started-at="2016-10-10T13:40:50Z" finished-at="2016-10-10T13:41:02Z">
      <class name="com.pack.MavenJunkinsTestCase">
        <test-method status="PASS" signature="openGoogle()[pri:0, instance:com.pack.MavenJunkinsTestCase@5e025e70]" name="openGoogle" is-config="true" duration-ms="10708" started-at="2016-10-10T19:10:50Z" finished-at="2016-10-10T19:11:01Z">
          <reporter-output>
          </reporter-output>
        </test-method> <!-- openGoogle -->
        <test-method status="PASS" signature="enterText()[pri:0, instance:com.pack.MavenJunkinsTestCase@5e025e70]" name="enterText" duration-ms="346" started-at="2016-10-10T19:11:01Z" finished-at="2016-10-10T19:11:01Z">
          <reporter-output>
          </reporter-output>
        </test-method> <!-- enterText -->
        <test-method status="PASS" signature="CloseWebDriver()[pri:0, instance:com.pack.MavenJunkinsTestCase@5e025e70]" name="CloseWebDriver" is-config="true" duration-ms="1040" started-at="2016-10-10T19:11:01Z" finished-at="2016-10-10T19:11:02Z">
          <reporter-output>
          </reporter-output>
        </test-method> <!-- CloseWebDriver -->
      </class> <!-- com.pack.MavenJunkinsTestCase -->
    </test> <!-- Test -->
  </suite> <!-- Suite -->
</testng-results>
